node:fs:443
    return binding.readFileUtf8(path, stringToFlags(options.flag));
                   ^

Error: ENOENT: no such file or directory, open '/private/tmp/frame-template.html'
    at Object.readFileSync (node:fs:443:20)
    at Object.<anonymous> (/private/tmp/brainstorm-server.cjs:99:26)
    at Module._compile (node:internal/modules/cjs/loader:1734:14)
    at Object..js (node:internal/modules/cjs/loader:1899:10)
    at Module.load (node:internal/modules/cjs/loader:1469:32)
    at Function._load (node:internal/modules/cjs/loader:1286:12)
    at TracingChannel.traceSync (node:diagnostics_channel:322:14)
    at wrapModuleLoad (node:internal/modules/cjs/loader:235:24)
    at Function.executeUserEntryPoint [as runMain] (node:internal/modules/run_main:151:5)
    at node:internal/main/run_main_module:33:47 {
  errno: -2,
  code: 'ENOENT',
  syscall: 'open',
  path: '/private/tmp/frame-template.html'
}

Node.js v23.9.0
